<?xml version="1.0" encoding="UTF-8"?>
<testng-results ignored="0" total="1" passed="1" failed="0" skipped="0">
  <reporter-output>
  </reporter-output>
  <suite started-at="2021-05-20T17:41:23 CDT" name="RegressionAutomatedQA" finished-at="2021-05-20T17:41:36 CDT" duration-ms="13660">
    <groups>
    </groups>
    <test started-at="2021-05-20T17:41:23 CDT" name="TC_01_CorrectLogin" finished-at="2021-05-20T17:41:36 CDT" duration-ms="13660">
      <class name="logintTests.TC_01">
        <test-method is-config="true" signature="startWebDriver()[pri:0, instance:logintTests.TC_01@37052337]" started-at="2021-05-20T17:41:23 CDT" name="startWebDriver" finished-at="2021-05-20T17:41:24 CDT" duration-ms="1696" status="PASS">
          <reporter-output>
          </reporter-output>
        </test-method> <!-- startWebDriver -->
        <test-method signature="TC_01_CorrectLogin()[pri:0, instance:logintTests.TC_01@37052337]" started-at="2021-05-20T17:41:24 CDT" name="TC_01_CorrectLogin" finished-at="2021-05-20T17:41:36 CDT" duration-ms="11338" status="PASS">
          <reporter-output>
          </reporter-output>
        </test-method> <!-- TC_01_CorrectLogin -->
        <test-method is-config="true" signature="closeDriver()[pri:0, instance:logintTests.TC_01@37052337]" started-at="2021-05-20T17:41:36 CDT" name="closeDriver" finished-at="2021-05-20T17:41:36 CDT" duration-ms="598" status="PASS">
          <reporter-output>
          </reporter-output>
        </test-method> <!-- closeDriver -->
      </class> <!-- logintTests.TC_01 -->
    </test> <!-- TC_01_CorrectLogin -->
  </suite> <!-- RegressionAutomatedQA -->
</testng-results>
