<?xml version="1.0" encoding="UTF-8"?>
<testng-results ignored="0" total="1" passed="1" failed="0" skipped="0">
  <reporter-output>
  </reporter-output>
  <suite started-at="2021-04-24T13:11:41Z" name="Default suite" finished-at="2021-04-24T13:11:44Z" duration-ms="3254">
    <groups>
    </groups>
    <test started-at="2021-04-24T13:11:41Z" name="Default test" finished-at="2021-04-24T13:11:44Z" duration-ms="3254">
      <class name="test.NewTest">
        <test-method signature="Test()[pri:0, instance:test.NewTest@2fb3536e]" started-at="2021-04-24T08:11:41Z" name="Test" finished-at="2021-04-24T08:11:44Z" duration-ms="3242" status="PASS">
          <reporter-output>
          </reporter-output>
        </test-method> <!-- Test -->
      </class> <!-- test.NewTest -->
    </test> <!-- Default test -->
  </suite> <!-- Default suite -->
</testng-results>
